# JRE version: Java(TM) SE Runtime Environment (8.0_72-b15) (build 1.8.0_72-b15)
# Java VM: Java HotSpot(TM) 64-Bit Server VM (25.72-b15 mixed mode linux-amd64 compressed oops)
Heap:
 PSYoungGen      total 232960K, used 71135K [0x00000000eab00000, 0x0000000100000000, 0x0000000100000000)
  eden space 116736K, 0% used [0x00000000eab00000,0x00000000eab00000,0x00000000f1d00000)
  from space 116224K, 61% used [0x00000000f1d00000,0x00000000f6277e70,0x00000000f8e80000)
  to   space 116224K, 0% used [0x00000000f8e80000,0x00000000f8e80000,0x0000000100000000)
 ParOldGen       total 548864K, used 548570K [0x00000000c0000000, 0x00000000e1800000, 0x00000000eab00000)
  object space 548864K, 99% used [0x00000000c0000000,0x00000000e17b6be0,0x00000000e1800000)
 Metaspace       used 6620K, capacity 7320K, committed 7680K, reserved 1056768K
  class space    used 621K, capacity 656K, committed 768K, reserved 1048576K
GC Heap History (10 events):
Event: 45.582 GC heap after
Heap after GC invocations=42 (full 5):
 PSYoungGen      total 233984K, used 64354K [0x00000000eab00000, 0x0000000100000000, 0x0000000100000000)
  eden space 169472K, 0% used [0x00000000eab00000,0x00000000eab00000,0x00000000f5080000)
  from space 64512K, 99% used [0x00000000f5080000,0x00000000f8f58820,0x00000000f8f80000)
  to   space 91648K, 0% used [0x00000000fa680000,0x00000000fa680000,0x0000000100000000)
 ParOldGen       total 548864K, used 478742K [0x00000000c0000000, 0x00000000e1800000, 0x00000000eab00000)
  object space 548864K, 87% used [0x00000000c0000000,0x00000000dd385870,0x00000000e1800000)
 Metaspace       used 6617K, capacity 7320K, committed 7680K, reserved 1056768K
  class space    used 621K, capacity 656K, committed 768K, reserved 1048576K
}
Event: 46.355 GC heap before
{Heap before GC invocations=43 (full 5):
 PSYoungGen      total 233984K, used 233826K [0x00000000eab00000, 0x0000000100000000, 0x0000000100000000)
  eden space 169472K, 100% used [0x00000000eab00000,0x00000000f5080000,0x00000000f5080000)
  from space 64512K, 99% used [0x00000000f5080000,0x00000000f8f58820,0x00000000f8f80000)
  to   space 91648K, 0% used [0x00000000fa680000,0x00000000fa680000,0x0000000100000000)
 ParOldGen       total 548864K, used 478742K [0x00000000c0000000, 0x00000000e1800000, 0x00000000eab00000)
  object space 548864K, 87% used [0x00000000c0000000,0x00000000dd385870,0x00000000e1800000)
 Metaspace       used 6618K, capacity 7320K, committed 7680K, reserved 1056768K
  class space    used 621K, capacity 656K, committed 768K, reserved 1048576K
Event: 46.560 GC heap after
Heap after GC invocations=43 (full 5):
 PSYoungGen      total 239104K, used 82638K [0x00000000eab00000, 0x0000000100000000, 0x0000000100000000)
  eden space 147456K, 0% used [0x00000000eab00000,0x00000000eab00000,0x00000000f3b00000)
  from space 91648K, 90% used [0x00000000fa680000,0x00000000ff733b10,0x0000000100000000)
  to   space 100864K, 0% used [0x00000000f3b00000,0x00000000f3b00000,0x00000000f9d80000)
 ParOldGen       total 548864K, used 478742K [0x00000000c0000000, 0x00000000e1800000, 0x00000000eab00000)
  object space 548864K, 87% used [0x00000000c0000000,0x00000000dd385870,0x00000000e1800000)
 Metaspace       used 6618K, capacity 7320K, committed 7680K, reserved 1056768K
  class space    used 621K, capacity 656K, committed 768K, reserved 1048576K
}
Event: 47.289 GC heap before
{Heap before GC invocations=44 (full 5):
 PSYoungGen      total 239104K, used 230094K [0x00000000eab00000, 0x0000000100000000, 0x0000000100000000)
  eden space 147456K, 100% used [0x00000000eab00000,0x00000000f3b00000,0x00000000f3b00000)
  from space 91648K, 90% used [0x00000000fa680000,0x00000000ff733b10,0x0000000100000000)
  to   space 100864K, 0% used [0x00000000f3b00000,0x00000000f3b00000,0x00000000f9d80000)
 ParOldGen       total 548864K, used 478742K [0x00000000c0000000, 0x00000000e1800000, 0x00000000eab00000)
  object space 548864K, 87% used [0x00000000c0000000,0x00000000dd385870,0x00000000e1800000)
 Metaspace       used 6619K, capacity 7320K, committed 7680K, reserved 1056768K
  class space    used 621K, capacity 656K, committed 768K, reserved 1048576K
Event: 47.535 GC heap after
Heap after GC invocations=44 (full 5):
 PSYoungGen      total 248320K, used 100832K [0x00000000eab00000, 0x0000000100000000, 0x0000000100000000)
  eden space 147456K, 0% used [0x00000000eab00000,0x00000000eab00000,0x00000000f3b00000)
  from space 100864K, 99% used [0x00000000f3b00000,0x00000000f9d78038,0x00000000f9d80000)
  to   space 100864K, 0% used [0x00000000f9d80000,0x00000000f9d80000,0x0000000100000000)
 ParOldGen       total 548864K, used 481154K [0x00000000c0000000, 0x00000000e1800000, 0x00000000eab00000)
  object space 548864K, 87% used [0x00000000c0000000,0x00000000dd5e08a8,0x00000000e1800000)
 Metaspace       used 6619K, capacity 7320K, committed 7680K, reserved 1056768K
  class space    used 621K, capacity 656K, committed 768K, reserved 1048576K
}
Event: 48.307 GC heap before
{Heap before GC invocations=45 (full 5):
 PSYoungGen      total 248320K, used 248288K [0x00000000eab00000, 0x0000000100000000, 0x0000000100000000)
  eden space 147456K, 100% used [0x00000000eab00000,0x00000000f3b00000,0x00000000f3b00000)
  from space 100864K, 99% used [0x00000000f3b00000,0x00000000f9d78038,0x00000000f9d80000)
  to   space 100864K, 0% used [0x00000000f9d80000,0x00000000f9d80000,0x0000000100000000)
 ParOldGen       total 548864K, used 481154K [0x00000000c0000000, 0x00000000e1800000, 0x00000000eab00000)
  object space 548864K, 87% used [0x00000000c0000000,0x00000000dd5e08a8,0x00000000e1800000)
 Metaspace       used 6619K, capacity 7320K, committed 7680K, reserved 1056768K
  class space    used 621K, capacity 656K, committed 768K, reserved 1048576K
Event: 48.835 GC heap after
Heap after GC invocations=45 (full 5):
 PSYoungGen      total 217600K, used 98803K [0x00000000eab00000, 0x0000000100000000, 0x0000000100000000)
  eden space 116736K, 0% used [0x00000000eab00000,0x00000000eab00000,0x00000000f1d00000)
  from space 100864K, 97% used [0x00000000f9d80000,0x00000000ffdfcff0,0x0000000100000000)
  to   space 116224K, 0% used [0x00000000f1d00000,0x00000000f1d00000,0x00000000f8e80000)
 ParOldGen       total 548864K, used 505522K [0x00000000c0000000, 0x00000000e1800000, 0x00000000eab00000)
  object space 548864K, 92% used [0x00000000c0000000,0x00000000dedac918,0x00000000e1800000)
 Metaspace       used 6619K, capacity 7320K, committed 7680K, reserved 1056768K
  class space    used 621K, capacity 656K, committed 768K, reserved 1048576K
}
Event: 49.509 GC heap before
{Heap before GC invocations=46 (full 5):
 PSYoungGen      total 217600K, used 215539K [0x00000000eab00000, 0x0000000100000000, 0x0000000100000000)
  eden space 116736K, 100% used [0x00000000eab00000,0x00000000f1d00000,0x00000000f1d00000)
  from space 100864K, 97% used [0x00000000f9d80000,0x00000000ffdfcff0,0x0000000100000000)
  to   space 116224K, 0% used [0x00000000f1d00000,0x00000000f1d00000,0x00000000f8e80000)
 ParOldGen       total 548864K, used 505522K [0x00000000c0000000, 0x00000000e1800000, 0x00000000eab00000)
  object space 548864K, 92% used [0x00000000c0000000,0x00000000dedac918,0x00000000e1800000)
 Metaspace       used 6620K, capacity 7320K, committed 7680K, reserved 1056768K
  class space    used 621K, capacity 656K, committed 768K, reserved 1048576K
Event: 49.824 GC heap after
Heap after GC invocations=46 (full 5):
 PSYoungGen      total 232960K, used 105408K [0x00000000eab00000, 0x0000000100000000, 0x0000000100000000)
  eden space 116736K, 0% used [0x00000000eab00000,0x00000000eab00000,0x00000000f1d00000)
  from space 116224K, 90% used [0x00000000f1d00000,0x00000000f83f0220,0x00000000f8e80000)
  to   space 116224K, 0% used [0x00000000f8e80000,0x00000000f8e80000,0x0000000100000000)
 ParOldGen       total 548864K, used 517035K [0x00000000c0000000, 0x00000000e1800000, 0x00000000eab00000)
  object space 548864K, 94% used [0x00000000c0000000,0x00000000df8eac18,0x00000000e1800000)
 Metaspace       used 6620K, capacity 7320K, committed 7680K, reserved 1056768K
  class space    used 621K, capacity 656K, committed 768K, reserved 1048576K
}
Event: 49.825 GC heap before
{Heap before GC invocations=47 (full 6):
 PSYoungGen      total 232960K, used 105408K [0x00000000eab00000, 0x0000000100000000, 0x0000000100000000)
  eden space 116736K, 0% used [0x00000000eab00000,0x00000000eab00000,0x00000000f1d00000)
  from space 116224K, 90% used [0x00000000f1d00000,0x00000000f83f0220,0x00000000f8e80000)
  to   space 116224K, 0% used [0x00000000f8e80000,0x00000000f8e80000,0x0000000100000000)
 ParOldGen       total 548864K, used 517035K [0x00000000c0000000, 0x00000000e1800000, 0x00000000eab00000)
  object space 548864K, 94% used [0x00000000c0000000,0x00000000df8eac18,0x00000000e1800000)
 Metaspace       used 6620K, capacity 7320K, committed 7680K, reserved 1056768K
  class space    used 621K, capacity 656K, committed 768K, reserved 1048576K

